Build started 2014-10-06 12:31:54 AM.
     1>Project "C:\Users\Colton\workspace\opengl\GLSL_Lighting\TemplateProject.vcxproj" on node 2 (build target(s)).
     1>InitializeBuildStatus:
         Creating "Debug\TemplateProject.unsuccessfulbuild" because "AlwaysCreate" was specified.
       ClCompile:
         All outputs are up-to-date.
         c:\Program Files (x86)\Microsoft Visual Studio 10.0\VC\bin\CL.exe /c /Ifreeglut/include /Iglew/include /Icwc/include /ZI /nologo /W3 /WX- /Od /Oy- /D WIN32 /D _DEBUG /D _CONSOLE /D FREEGLUT_STATIC /D GLEW_STATIC /D _VC80_UPGRADE=0x0710 /D _MBCS /Gm /EHsc /RTC1 /MTd /GS /fp:precise /Zc:wchar_t /Zc:forScope /Fo"Debug\\" /Fd"Debug\vc100.pdb" /Gd /TP /analyze- /errorReport:prompt main.cpp
         main.cpp
     1>c:\users\colton\workspace\opengl\glsl_lighting\main.cpp(149): warning C4305: '+=' : truncation from 'double' to 'float'
       ManifestResourceCompile:
         All outputs are up-to-date.
       Link:
         c:\Program Files (x86)\Microsoft Visual Studio 10.0\VC\bin\link.exe /ERRORREPORT:PROMPT /OUT:"Debug\TemplateProject.exe" /INCREMENTAL /NOLOGO kernel32.lib user32.lib gdi32.lib winspool.lib comdlg32.lib advapi32.lib shell32.lib ole32.lib oleaut32.lib uuid.lib odbc32.lib odbccp32.lib /MANIFEST /ManifestFile:"Debug\TemplateProject.exe.intermediate.manifest" /MANIFESTUAC:"level='asInvoker' uiAccess='false'" /DEBUG /PDB:"Debug\TemplateProject.pdb" /SUBSYSTEM:CONSOLE /TLBID:1 /DYNAMICBASE /NXCOMPAT /IMPLIB:"Debug\TemplateProject.lib" /MACHINE:X86 Debug\TemplateProject.exe.embed.manifest.res
         Debug\glew.obj
         Debug\freeglut_callbacks.obj
         Debug\freeglut_cursor.obj
         Debug\freeglut_display.obj
         Debug\freeglut_ext.obj
         Debug\freeglut_font.obj
         Debug\freeglut_font_data.obj
         Debug\freeglut_gamemode.obj
         Debug\freeglut_geometry.obj
         Debug\freeglut_glutfont_definitions.obj
         Debug\freeglut_init.obj
         Debug\freeglut_joystick.obj
         Debug\freeglut_main.obj
         Debug\freeglut_menu.obj
         Debug\freeglut_misc.obj
         Debug\freeglut_overlay.obj
         Debug\freeglut_state.obj
         Debug\freeglut_stroke_mono_roman.obj
         Debug\freeglut_stroke_roman.obj
         Debug\freeglut_structure.obj
         Debug\freeglut_teapot.obj
         Debug\freeglut_videoresize.obj
         Debug\freeglut_window.obj
         Debug\glApplication.obj
         Debug\glsl.obj
         Debug\glutwindow.obj
         Debug\glWindow.obj
         Debug\main.obj
       Manifest:
         C:\Program Files (x86)\Microsoft SDKs\Windows\v7.0A\bin\mt.exe /nologo /verbose /out:"Debug\TemplateProject.exe.embed.manifest" /manifest Debug\TemplateProject.exe.intermediate.manifest
         All outputs are up-to-date.
       LinkEmbedManifest:
         All outputs are up-to-date.
         TemplateProject.vcxproj -> C:\Users\Colton\workspace\opengl\GLSL_Lighting\Debug\TemplateProject.exe
       FinalizeBuildStatus:
         Deleting file "Debug\TemplateProject.unsuccessfulbuild".
         Touching "Debug\TemplateProject.lastbuildstate".
     1>Done Building Project "C:\Users\Colton\workspace\opengl\GLSL_Lighting\TemplateProject.vcxproj" (build target(s)).

Build succeeded.

Time Elapsed 00:00:24.42
