C:\USERS\COLTON\DOCUMENTS\VISUAL STUDIO 2010\PROJECTS\POO\DEBUG\POO.EXE
C:\USERS\COLTON\DOCUMENTS\VISUAL STUDIO 2010\PROJECTS\POO\DEBUG\POO.ILK
C:\USERS\COLTON\DOCUMENTS\VISUAL STUDIO 2010\PROJECTS\POO\DEBUG\POO.PDB
C:\USERS\COLTON\DOCUMENTS\VISUAL STUDIO 2010\PROJECTS\POO\POO\DEBUG\MAIN.OBJ
C:\USERS\COLTON\DOCUMENTS\VISUAL STUDIO 2010\PROJECTS\POO\POO\DEBUG\POO.EXE.INTERMEDIATE.MANIFEST
C:\USERS\COLTON\DOCUMENTS\VISUAL STUDIO 2010\PROJECTS\POO\POO\DEBUG\VC100.PDB
C:\USERS\COLTON\WORKSPACE\OPENGL\POO\DEBUG\POO.EXE
C:\USERS\COLTON\WORKSPACE\OPENGL\POO\DEBUG\POO.ILK
C:\USERS\COLTON\WORKSPACE\OPENGL\POO\DEBUG\POO.PDB
C:\Users\Colton\workspace\opengl\poo\poo\Debug\cl.command.1.tlog
C:\Users\Colton\workspace\opengl\poo\poo\Debug\CL.read.1.tlog
C:\Users\Colton\workspace\opengl\poo\poo\Debug\CL.write.1.tlog
C:\USERS\COLTON\WORKSPACE\OPENGL\POO\POO\DEBUG\INITSHADER.OBJ
C:\USERS\COLTON\WORKSPACE\OPENGL\POO\POO\DEBUG\LAZY_OLD_MAIN.OBJ
C:\Users\Colton\workspace\opengl\poo\poo\Debug\link.command.1.tlog
C:\Users\Colton\workspace\opengl\poo\poo\Debug\link.read.1.tlog
C:\Users\Colton\workspace\opengl\poo\poo\Debug\link.write.1.tlog
C:\USERS\COLTON\WORKSPACE\OPENGL\POO\POO\DEBUG\MAIN.OBJ
C:\Users\Colton\workspace\opengl\poo\poo\Debug\mt.command.1.tlog
C:\Users\Colton\workspace\opengl\poo\poo\Debug\mt.read.1.tlog
C:\Users\Colton\workspace\opengl\poo\poo\Debug\mt.write.1.tlog
C:\USERS\COLTON\WORKSPACE\OPENGL\POO\POO\DEBUG\POO.EXE.INTERMEDIATE.MANIFEST
C:\Users\Colton\workspace\opengl\poo\poo\Debug\poo.vcxprojResolveAssemblyReference.cache
C:\Users\Colton\workspace\opengl\poo\poo\Debug\poo.write.1.tlog
C:\Users\Colton\workspace\opengl\poo\poo\Debug\vc100.idb
C:\USERS\COLTON\WORKSPACE\OPENGL\POO\POO\DEBUG\VC100.PDB
