Build started 2014-09-19 10:20:07 PM.
     1>Project "C:\Users\Colton\workspace\opengl\poo\poo\poo.vcxproj" on node 2 (build target(s)).
     1>InitializeBuildStatus:
         Creating "Debug\poo.unsuccessfulbuild" because "AlwaysCreate" was specified.
       ClCompile:
         c:\Program Files (x86)\Microsoft Visual Studio 10.0\VC\bin\CL.exe /c /IC:\opengl\freeglut\include /IC:\opengl\glew\include /ZI /nologo /W3 /WX- /Od /Oy- /D _MBCS /Gm /EHsc /RTC1 /MDd /GS /fp:precise /Zc:wchar_t /Zc:forScope /Fo"Debug\\" /Fd"Debug\vc100.pdb" /Gd /TP /analyze- /errorReport:prompt main.cpp
         main.cpp
     1>c:\users\colton\workspace\opengl\poo\poo\main.cpp(14): warning C4996: 'fopen': This function or variable may be unsafe. Consider using fopen_s instead. To disable deprecation, use _CRT_SECURE_NO_WARNINGS. See online help for details.
                 c:\program files (x86)\microsoft visual studio 10.0\vc\include\stdio.h(234) : see declaration of 'fopen'
       Link:
         c:\Program Files (x86)\Microsoft Visual Studio 10.0\VC\bin\link.exe /ERRORREPORT:PROMPT /OUT:"C:\Users\Colton\workspace\opengl\poo\Debug\poo.exe" /NOLOGO /LIBPATH:C:\opengl\freeglut\lib /LIBPATH:C:\opengl\glew\lib\Release\Win32 glew32.lib freeglut.lib kernel32.lib user32.lib gdi32.lib winspool.lib comdlg32.lib advapi32.lib shell32.lib ole32.lib oleaut32.lib uuid.lib odbc32.lib odbccp32.lib /MANIFEST /ManifestFile:"Debug\poo.exe.intermediate.manifest" /MANIFESTUAC:"level='asInvoker' uiAccess='false'" /DEBUG /PDB:"C:\Users\Colton\workspace\opengl\poo\Debug\poo.pdb" /TLBID:1 /DYNAMICBASE /NXCOMPAT /IMPLIB:"C:\Users\Colton\workspace\opengl\poo\Debug\poo.lib" /MACHINE:X86 Debug\main.obj
         LINK : C:\Users\Colton\workspace\opengl\poo\Debug\poo.exe not found or not built by the last incremental link; performing full link
         poo.vcxproj -> C:\Users\Colton\workspace\opengl\poo\Debug\poo.exe
       Manifest:
         C:\Program Files (x86)\Microsoft SDKs\Windows\v7.0A\bin\mt.exe /nologo /verbose /outputresource:"C:\Users\Colton\workspace\opengl\poo\Debug\poo.exe;#1" /manifest Debug\poo.exe.intermediate.manifest
       FinalizeBuildStatus:
         Deleting file "Debug\poo.unsuccessfulbuild".
         Touching "Debug\poo.lastbuildstate".
     1>Done Building Project "C:\Users\Colton\workspace\opengl\poo\poo\poo.vcxproj" (build target(s)).

Build succeeded.

Time Elapsed 00:00:03.12
